This is pdfTeX, Version 3.1415926-2.4-1.40.13 (TeX Live 2012/Debian) (format=pdflatex 2013.5.15)  21 MAY 2013 16:51
entering extended mode
 restricted \write18 enabled.
 %&-line parsing enabled.
**rapport.tex
(./rapport.tex
LaTeX2e <2011/06/27>
Babel <v3.8m> and hyphenation patterns for english, dumylang, nohyphenation, lo
aded.
(/usr/share/texlive/texmf-dist/tex/latex/base/book.cls
Document Class: book 2007/10/19 v1.4h Standard LaTeX document class
(/usr/share/texlive/texmf-dist/tex/latex/base/bk10.clo
File: bk10.clo 2007/10/19 v1.4h Standard LaTeX file (size option)
)
\c@part=\count79
\c@chapter=\count80
\c@section=\count81
\c@subsection=\count82
\c@subsubsection=\count83
\c@paragraph=\count84
\c@subparagraph=\count85
\c@figure=\count86
\c@table=\count87
\abovecaptionskip=\skip41
\belowcaptionskip=\skip42
\bibindent=\dimen102
)
(/usr/share/texlive/texmf-dist/tex/latex/geometry/geometry.sty
Package: geometry 2010/09/12 v5.6 Page Geometry

(/usr/share/texlive/texmf-dist/tex/latex/graphics/keyval.sty
Package: keyval 1999/03/16 v1.13 key=value parser (DPC)
\KV@toks@=\toks14
)
(/usr/share/texlive/texmf-dist/tex/generic/oberdiek/ifpdf.sty
Package: ifpdf 2011/01/30 v2.3 Provides the ifpdf switch (HO)
Package ifpdf Info: pdfTeX in PDF mode is detected.
)
(/usr/share/texlive/texmf-dist/tex/generic/oberdiek/ifvtex.sty
Package: ifvtex 2010/03/01 v1.5 Detect VTeX and its facilities (HO)
Package ifvtex Info: VTeX not detected.
)
(/usr/share/texlive/texmf-dist/tex/generic/ifxetex/ifxetex.sty
Package: ifxetex 2010/09/12 v0.6 Provides ifxetex conditional
)
\Gm@cnth=\count88
\Gm@cntv=\count89
\c@Gm@tempcnt=\count90
\Gm@bindingoffset=\dimen103
\Gm@wd@mp=\dimen104
\Gm@odd@mp=\dimen105
\Gm@even@mp=\dimen106
\Gm@layoutwidth=\dimen107
\Gm@layoutheight=\dimen108
\Gm@layouthoffset=\dimen109
\Gm@layoutvoffset=\dimen110
\Gm@dimlist=\toks15
)
(/usr/share/texmf/tex/latex/lm/lmodern.sty
Package: lmodern 2009/10/30 v1.6 Latin Modern Fonts
LaTeX Font Info:    Overwriting symbol font `operators' in version `normal'
(Font)                  OT1/cmr/m/n --> OT1/lmr/m/n on input line 22.
LaTeX Font Info:    Overwriting symbol font `letters' in version `normal'
(Font)                  OML/cmm/m/it --> OML/lmm/m/it on input line 23.
LaTeX Font Info:    Overwriting symbol font `symbols' in version `normal'
(Font)                  OMS/cmsy/m/n --> OMS/lmsy/m/n on input line 24.
LaTeX Font Info:    Overwriting symbol font `largesymbols' in version `normal'
(Font)                  OMX/cmex/m/n --> OMX/lmex/m/n on input line 25.
LaTeX Font Info:    Overwriting symbol font `operators' in version `bold'
(Font)                  OT1/cmr/bx/n --> OT1/lmr/bx/n on input line 26.
LaTeX Font Info:    Overwriting symbol font `letters' in version `bold'
(Font)                  OML/cmm/b/it --> OML/lmm/b/it on input line 27.
LaTeX Font Info:    Overwriting symbol font `symbols' in version `bold'
(Font)                  OMS/cmsy/b/n --> OMS/lmsy/b/n on input line 28.
LaTeX Font Info:    Overwriting symbol font `largesymbols' in version `bold'
(Font)                  OMX/cmex/m/n --> OMX/lmex/m/n on input line 29.
LaTeX Font Info:    Overwriting math alphabet `\mathbf' in version `normal'
(Font)                  OT1/cmr/bx/n --> OT1/lmr/bx/n on input line 31.
LaTeX Font Info:    Overwriting math alphabet `\mathsf' in version `normal'
(Font)                  OT1/cmss/m/n --> OT1/lmss/m/n on input line 32.
LaTeX Font Info:    Overwriting math alphabet `\mathit' in version `normal'
(Font)                  OT1/cmr/m/it --> OT1/lmr/m/it on input line 33.
LaTeX Font Info:    Overwriting math alphabet `\mathtt' in version `normal'
(Font)                  OT1/cmtt/m/n --> OT1/lmtt/m/n on input line 34.
LaTeX Font Info:    Overwriting math alphabet `\mathbf' in version `bold'
(Font)                  OT1/cmr/bx/n --> OT1/lmr/bx/n on input line 35.
LaTeX Font Info:    Overwriting math alphabet `\mathsf' in version `bold'
(Font)                  OT1/cmss/bx/n --> OT1/lmss/bx/n on input line 36.
LaTeX Font Info:    Overwriting math alphabet `\mathit' in version `bold'
(Font)                  OT1/cmr/bx/it --> OT1/lmr/bx/it on input line 37.
LaTeX Font Info:    Overwriting math alphabet `\mathtt' in version `bold'
(Font)                  OT1/cmtt/m/n --> OT1/lmtt/m/n on input line 38.
)
(/usr/share/texmf/tex/latex/xcolor/xcolor.sty
Package: xcolor 2007/01/21 v2.11 LaTeX color extensions (UK)

(/usr/share/texlive/texmf-dist/tex/latex/latexconfig/color.cfg
File: color.cfg 2007/01/18 v1.5 color configuration of teTeX/TeXLive
)
Package xcolor Info: Driver file: pdftex.def on input line 225.

(/usr/share/texlive/texmf-dist/tex/latex/pdftex-def/pdftex.def
File: pdftex.def 2011/05/27 v0.06d Graphics/color for pdfTeX

(/usr/share/texlive/texmf-dist/tex/generic/oberdiek/infwarerr.sty
Package: infwarerr 2010/04/08 v1.3 Providing info/warning/error messages (HO)
)
(/usr/share/texlive/texmf-dist/tex/generic/oberdiek/ltxcmds.sty
Package: ltxcmds 2011/11/09 v1.22 LaTeX kernel commands for general use (HO)
)
\Gread@gobject=\count91
)
(/usr/share/texlive/texmf-dist/tex/latex/colortbl/colortbl.sty
Package: colortbl 2012/02/13 v1.0a Color table columns (DPC)

(/usr/share/texlive/texmf-dist/tex/latex/tools/array.sty
Package: array 2008/09/09 v2.4c Tabular extension package (FMi)
\col@sep=\dimen111
\extrarowheight=\dimen112
\NC@list=\toks16
\extratabsurround=\skip43
\backup@length=\skip44
)
\everycr=\toks17
\minrowclearance=\skip45
)
\rownum=\count92
Package xcolor Info: Model `cmy' substituted by `cmy0' on input line 1337.
Package xcolor Info: Model `hsb' substituted by `rgb' on input line 1341.
Package xcolor Info: Model `RGB' extended on input line 1353.
Package xcolor Info: Model `HTML' substituted by `rgb' on input line 1355.
Package xcolor Info: Model `Hsb' substituted by `hsb' on input line 1356.
Package xcolor Info: Model `tHsb' substituted by `hsb' on input line 1357.
Package xcolor Info: Model `HSB' substituted by `hsb' on input line 1358.
Package xcolor Info: Model `Gray' substituted by `gray' on input line 1359.
Package xcolor Info: Model `wave' substituted by `hsb' on input line 1360.
)
(./styles/couleurs.tex)
(/usr/share/texlive/texmf-dist/tex/latex/base/inputenc.sty
Package: inputenc 2008/03/30 v1.1d Input encoding file
\inpenc@prehook=\toks18
\inpenc@posthook=\toks19

(/usr/share/texlive/texmf-dist/tex/latex/base/utf8.def
File: utf8.def 2008/04/05 v1.1m UTF-8 support for inputenc
Now handling font encoding OML ...
... no UTF-8 mapping file for font encoding OML
Now handling font encoding T1 ...
... processing UTF-8 mapping file for font encoding T1

(/usr/share/texlive/texmf-dist/tex/latex/base/t1enc.dfu
File: t1enc.dfu 2008/04/05 v1.1m UTF-8 support for inputenc
   defining Unicode char U+00A1 (decimal 161)
   defining Unicode char U+00A3 (decimal 163)
   defining Unicode char U+00AB (decimal 171)
   defining Unicode char U+00BB (decimal 187)
   defining Unicode char U+00BF (decimal 191)
   defining Unicode char U+00C0 (decimal 192)
   defining Unicode char U+00C1 (decimal 193)
   defining Unicode char U+00C2 (decimal 194)
   defining Unicode char U+00C3 (decimal 195)
   defining Unicode char U+00C4 (decimal 196)
   defining Unicode char U+00C5 (decimal 197)
   defining Unicode char U+00C6 (decimal 198)
   defining Unicode char U+00C7 (decimal 199)
   defining Unicode char U+00C8 (decimal 200)
   defining Unicode char U+00C9 (decimal 201)
   defining Unicode char U+00CA (decimal 202)
   defining Unicode char U+00CB (decimal 203)
   defining Unicode char U+00CC (decimal 204)
   defining Unicode char U+00CD (decimal 205)
   defining Unicode char U+00CE (decimal 206)
   defining Unicode char U+00CF (decimal 207)
   defining Unicode char U+00D0 (decimal 208)
   defining Unicode char U+00D1 (decimal 209)
   defining Unicode char U+00D2 (decimal 210)
   defining Unicode char U+00D3 (decimal 211)
   defining Unicode char U+00D4 (decimal 212)
   defining Unicode char U+00D5 (decimal 213)
   defining Unicode char U+00D6 (decimal 214)
   defining Unicode char U+00D8 (decimal 216)
   defining Unicode char U+00D9 (decimal 217)
   defining Unicode char U+00DA (decimal 218)
   defining Unicode char U+00DB (decimal 219)
   defining Unicode char U+00DC (decimal 220)
   defining Unicode char U+00DD (decimal 221)
   defining Unicode char U+00DE (decimal 222)
   defining Unicode char U+00DF (decimal 223)
   defining Unicode char U+00E0 (decimal 224)
   defining Unicode char U+00E1 (decimal 225)
   defining Unicode char U+00E2 (decimal 226)
   defining Unicode char U+00E3 (decimal 227)
   defining Unicode char U+00E4 (decimal 228)
   defining Unicode char U+00E5 (decimal 229)
   defining Unicode char U+00E6 (decimal 230)
   defining Unicode char U+00E7 (decimal 231)
   defining Unicode char U+00E8 (decimal 232)
   defining Unicode char U+00E9 (decimal 233)
   defining Unicode char U+00EA (decimal 234)
   defining Unicode char U+00EB (decimal 235)
   defining Unicode char U+00EC (decimal 236)
   defining Unicode char U+00ED (decimal 237)
   defining Unicode char U+00EE (decimal 238)
   defining Unicode char U+00EF (decimal 239)
   defining Unicode char U+00F0 (decimal 240)
   defining Unicode char U+00F1 (decimal 241)
   defining Unicode char U+00F2 (decimal 242)
   defining Unicode char U+00F3 (decimal 243)
   defining Unicode char U+00F4 (decimal 244)
   defining Unicode char U+00F5 (decimal 245)
   defining Unicode char U+00F6 (decimal 246)
   defining Unicode char U+00F8 (decimal 248)
   defining Unicode char U+00F9 (decimal 249)
   defining Unicode char U+00FA (decimal 250)
   defining Unicode char U+00FB (decimal 251)
   defining Unicode char U+00FC (decimal 252)
   defining Unicode char U+00FD (decimal 253)
   defining Unicode char U+00FE (decimal 254)
   defining Unicode char U+00FF (decimal 255)
   defining Unicode char U+0102 (decimal 258)
   defining Unicode char U+0103 (decimal 259)
   defining Unicode char U+0104 (decimal 260)
   defining Unicode char U+0105 (decimal 261)
   defining Unicode char U+0106 (decimal 262)
   defining Unicode char U+0107 (decimal 263)
   defining Unicode char U+010C (decimal 268)
   defining Unicode char U+010D (decimal 269)
   defining Unicode char U+010E (decimal 270)
   defining Unicode char U+010F (decimal 271)
   defining Unicode char U+0110 (decimal 272)
   defining Unicode char U+0111 (decimal 273)
   defining Unicode char U+0118 (decimal 280)
   defining Unicode char U+0119 (decimal 281)
   defining Unicode char U+011A (decimal 282)
   defining Unicode char U+011B (decimal 283)
   defining Unicode char U+011E (decimal 286)
   defining Unicode char U+011F (decimal 287)
   defining Unicode char U+0130 (decimal 304)
   defining Unicode char U+0131 (decimal 305)
   defining Unicode char U+0132 (decimal 306)
   defining Unicode char U+0133 (decimal 307)
   defining Unicode char U+0139 (decimal 313)
   defining Unicode char U+013A (decimal 314)
   defining Unicode char U+013D (decimal 317)
   defining Unicode char U+013E (decimal 318)
   defining Unicode char U+0141 (decimal 321)
   defining Unicode char U+0142 (decimal 322)
   defining Unicode char U+0143 (decimal 323)
   defining Unicode char U+0144 (decimal 324)
   defining Unicode char U+0147 (decimal 327)
   defining Unicode char U+0148 (decimal 328)
   defining Unicode char U+014A (decimal 330)
   defining Unicode char U+014B (decimal 331)
   defining Unicode char U+0150 (decimal 336)
   defining Unicode char U+0151 (decimal 337)
   defining Unicode char U+0152 (decimal 338)
   defining Unicode char U+0153 (decimal 339)
   defining Unicode char U+0154 (decimal 340)
   defining Unicode char U+0155 (decimal 341)
   defining Unicode char U+0158 (decimal 344)
   defining Unicode char U+0159 (decimal 345)
   defining Unicode char U+015A (decimal 346)
   defining Unicode char U+015B (decimal 347)
   defining Unicode char U+015E (decimal 350)
   defining Unicode char U+015F (decimal 351)
   defining Unicode char U+0160 (decimal 352)
   defining Unicode char U+0161 (decimal 353)
   defining Unicode char U+0162 (decimal 354)
   defining Unicode char U+0163 (decimal 355)
   defining Unicode char U+0164 (decimal 356)
   defining Unicode char U+0165 (decimal 357)
   defining Unicode char U+016E (decimal 366)
   defining Unicode char U+016F (decimal 367)
   defining Unicode char U+0170 (decimal 368)
   defining Unicode char U+0171 (decimal 369)
   defining Unicode char U+0178 (decimal 376)
   defining Unicode char U+0179 (decimal 377)
   defining Unicode char U+017A (decimal 378)
   defining Unicode char U+017B (decimal 379)
   defining Unicode char U+017C (decimal 380)
   defining Unicode char U+017D (decimal 381)
   defining Unicode char U+017E (decimal 382)
   defining Unicode char U+200C (decimal 8204)
   defining Unicode char U+2013 (decimal 8211)
   defining Unicode char U+2014 (decimal 8212)
   defining Unicode char U+2018 (decimal 8216)
   defining Unicode char U+2019 (decimal 8217)
   defining Unicode char U+201A (decimal 8218)
   defining Unicode char U+201C (decimal 8220)
   defining Unicode char U+201D (decimal 8221)
   defining Unicode char U+201E (decimal 8222)
   defining Unicode char U+2030 (decimal 8240)
   defining Unicode char U+2031 (decimal 8241)
   defining Unicode char U+2039 (decimal 8249)
   defining Unicode char U+203A (decimal 8250)
   defining Unicode char U+2423 (decimal 9251)
)
Now handling font encoding OT1 ...
... processing UTF-8 mapping file for font encoding OT1

(/usr/share/texlive/texmf-dist/tex/latex/base/ot1enc.dfu
File: ot1enc.dfu 2008/04/05 v1.1m UTF-8 support for inputenc
   defining Unicode char U+00A1 (decimal 161)
   defining Unicode char U+00A3 (decimal 163)
   defining Unicode char U+00B8 (decimal 184)
   defining Unicode char U+00BF (decimal 191)
   defining Unicode char U+00C5 (decimal 197)
   defining Unicode char U+00C6 (decimal 198)
   defining Unicode char U+00D8 (decimal 216)
   defining Unicode char U+00DF (decimal 223)
   defining Unicode char U+00E6 (decimal 230)
   defining Unicode char U+00EC (decimal 236)
   defining Unicode char U+00ED (decimal 237)
   defining Unicode char U+00EE (decimal 238)
   defining Unicode char U+00EF (decimal 239)
   defining Unicode char U+00F8 (decimal 248)
   defining Unicode char U+0131 (decimal 305)
   defining Unicode char U+0141 (decimal 321)
   defining Unicode char U+0142 (decimal 322)
   defining Unicode char U+0152 (decimal 338)
   defining Unicode char U+0153 (decimal 339)
   defining Unicode char U+2013 (decimal 8211)
   defining Unicode char U+2014 (decimal 8212)
   defining Unicode char U+2018 (decimal 8216)
   defining Unicode char U+2019 (decimal 8217)
   defining Unicode char U+201C (decimal 8220)
   defining Unicode char U+201D (decimal 8221)
)
Now handling font encoding OMS ...
... processing UTF-8 mapping file for font encoding OMS

(/usr/share/texlive/texmf-dist/tex/latex/base/omsenc.dfu
File: omsenc.dfu 2008/04/05 v1.1m UTF-8 support for inputenc
   defining Unicode char U+00A7 (decimal 167)
   defining Unicode char U+00B6 (decimal 182)
   defining Unicode char U+00B7 (decimal 183)
   defining Unicode char U+2020 (decimal 8224)
   defining Unicode char U+2021 (decimal 8225)
   defining Unicode char U+2022 (decimal 8226)
)
Now handling font encoding OMX ...
... no UTF-8 mapping file for font encoding OMX
Now handling font encoding U ...
... no UTF-8 mapping file for font encoding U
   defining Unicode char U+00A9 (decimal 169)
   defining Unicode char U+00AA (decimal 170)
   defining Unicode char U+00AE (decimal 174)
   defining Unicode char U+00BA (decimal 186)
   defining Unicode char U+02C6 (decimal 710)
   defining Unicode char U+02DC (decimal 732)
   defining Unicode char U+200C (decimal 8204)
   defining Unicode char U+2026 (decimal 8230)
   defining Unicode char U+2122 (decimal 8482)
   defining Unicode char U+2423 (decimal 9251)
))
(/usr/share/texlive/texmf-dist/tex/latex/base/fontenc.sty
Package: fontenc 2005/09/27 v1.99g Standard LaTeX package

(/usr/share/texlive/texmf-dist/tex/latex/base/t1enc.def
File: t1enc.def 2005/09/27 v1.99g Standard LaTeX file
LaTeX Font Info:    Redeclaring font encoding T1 on input line 43.
))
(/usr/share/texlive/texmf-dist/tex/generic/babel/babel.sty
Package: babel 2008/07/08 v3.8m The Babel package

(/usr/share/texlive/texmf-dist/tex/generic/babel/frenchb.ldf
Language: frenchb 2010/08/21 v2.5a French support from the babel system

(/usr/share/texlive/texmf-dist/tex/generic/babel/babel.def
File: babel.def 2008/07/08 v3.8m Babel common definitions
\babel@savecnt=\count93
\U@D=\dimen113
)

Package babel Warning: No hyphenation patterns were loaded for
(babel)                the language `French'
(babel)                I will use the patterns loaded for \language=0 instead.

\l@french = a dialect from \language0
Package babel Info: Making : an active character on input line 234.
Package babel Info: Making ; an active character on input line 235.
Package babel Info: Making ! an active character on input line 236.
Package babel Info: Making ? an active character on input line 237.
\FB@Mht=\dimen114
\std@mcc=\count94
\dec@mcc=\count95
\parindentFFN=\dimen115
*************************************
* Local config file frenchb.cfg used
*
(/usr/share/texlive/texmf-dist/tex/generic/babel/frenchb.cfg)))
(/usr/share/texlive/texmf-dist/tex/latex/carlisle/scalefnt.sty)
(/usr/share/texlive/texmf-dist/tex/latex/tools/verbatim.sty
Package: verbatim 2003/08/22 v1.5q LaTeX2e package for verbatim enhancements
\every@verbatim=\toks20
\verbatim@line=\toks21
\verbatim@in@stream=\read1
)
(/usr/share/texlive/texmf-dist/tex/latex/hyperref/hyperref.sty
Package: hyperref 2012/05/13 v6.82q Hypertext links for LaTeX

(/usr/share/texlive/texmf-dist/tex/generic/oberdiek/hobsub-hyperref.sty
Package: hobsub-hyperref 2012/05/28 v1.13 Bundle oberdiek, subset hyperref (HO)


(/usr/share/texlive/texmf-dist/tex/generic/oberdiek/hobsub-generic.sty
Package: hobsub-generic 2012/05/28 v1.13 Bundle oberdiek, subset generic (HO)
Package: hobsub 2012/05/28 v1.13 Construct package bundles (HO)
Package hobsub Info: Skipping package `infwarerr' (already loaded).
Package hobsub Info: Skipping package `ltxcmds' (already loaded).
Package: ifluatex 2010/03/01 v1.3 Provides the ifluatex switch (HO)
Package ifluatex Info: LuaTeX not detected.
Package hobsub Info: Skipping package `ifvtex' (already loaded).
Package: intcalc 2007/09/27 v1.1 Expandable calculations with integers (HO)
Package hobsub Info: Skipping package `ifpdf' (already loaded).
Package: etexcmds 2011/02/16 v1.5 Avoid name clashes with e-TeX commands (HO)
Package etexcmds Info: Could not find \expanded.
(etexcmds)             That can mean that you are not using pdfTeX 1.50 or
(etexcmds)             that some package has redefined \expanded.
(etexcmds)             In the latter case, load this package earlier.
Package: kvsetkeys 2012/04/25 v1.16 Key value parser (HO)
Package: kvdefinekeys 2011/04/07 v1.3 Define keys (HO)
Package: pdftexcmds 2011/11/29 v0.20 Utility functions of pdfTeX for LuaTeX (HO
)
Package pdftexcmds Info: LuaTeX not detected.
Package pdftexcmds Info: \pdf@primitive is available.
Package pdftexcmds Info: \pdf@ifprimitive is available.
Package pdftexcmds Info: \pdfdraftmode found.
Package: pdfescape 2011/11/25 v1.13 Implements pdfTeX's escape features (HO)
Package: bigintcalc 2012/04/08 v1.3 Expandable calculations on big integers (HO
)
Package: bitset 2011/01/30 v1.1 Handle bit-vector datatype (HO)
Package: uniquecounter 2011/01/30 v1.2 Provide unlimited unique counter (HO)
)
Package hobsub Info: Skipping package `hobsub' (already loaded).
Package: letltxmacro 2010/09/02 v1.4 Let assignment for LaTeX macros (HO)
Package: hopatch 2012/05/28 v1.2 Wrapper for package hooks (HO)
Package: xcolor-patch 2011/01/30 xcolor patch
Package: atveryend 2011/06/30 v1.8 Hooks at the very end of document (HO)
Package atveryend Info: \enddocument detected (standard20110627).
Package: atbegshi 2011/10/05 v1.16 At begin shipout hook (HO)
Package: refcount 2011/10/16 v3.4 Data extraction from label references (HO)
Package: hycolor 2011/01/30 v1.7 Color options for hyperref/bookmark (HO)
)
(/usr/share/texlive/texmf-dist/tex/latex/oberdiek/kvoptions.sty
Package: kvoptions 2011/06/30 v3.11 Key value format for package options (HO)
)
\@linkdim=\dimen116
\Hy@linkcounter=\count96
\Hy@pagecounter=\count97

(/usr/share/texlive/texmf-dist/tex/latex/hyperref/pd1enc.def
File: pd1enc.def 2012/05/13 v6.82q Hyperref: PDFDocEncoding definition (HO)
Now handling font encoding PD1 ...
... no UTF-8 mapping file for font encoding PD1
)
\Hy@SavedSpaceFactor=\count98

(/usr/share/texlive/texmf-dist/tex/latex/latexconfig/hyperref.cfg
File: hyperref.cfg 2002/06/06 v1.2 hyperref configuration of TeXLive
)
Package hyperref Info: Option `colorlinks' set `true' on input line 3941.
Package hyperref Info: Hyper figures OFF on input line 4062.
Package hyperref Info: Link nesting OFF on input line 4067.
Package hyperref Info: Hyper index ON on input line 4070.
Package hyperref Info: Plain pages OFF on input line 4077.
Package hyperref Info: Backreferencing OFF on input line 4082.
Package hyperref Info: Implicit mode ON; LaTeX internals redefined.
Package hyperref Info: Bookmarks ON on input line 4300.
\c@Hy@tempcnt=\count99

(/usr/share/texlive/texmf-dist/tex/latex/url/url.sty
\Urlmuskip=\muskip10
Package: url 2006/04/12  ver 3.3  Verb mode for urls, etc.
)
LaTeX Info: Redefining \url on input line 4653.
\Fld@menulength=\count100
\Field@Width=\dimen117
\Fld@charsize=\dimen118
Package hyperref Info: Hyper figures OFF on input line 5773.
Package hyperref Info: Link nesting OFF on input line 5778.
Package hyperref Info: Hyper index ON on input line 5781.
Package hyperref Info: backreferencing OFF on input line 5788.
Package hyperref Info: Link coloring ON on input line 5791.
Package hyperref Info: Link coloring with OCG OFF on input line 5798.
Package hyperref Info: PDF/A mode OFF on input line 5803.
LaTeX Info: Redefining \ref on input line 5843.
LaTeX Info: Redefining \pageref on input line 5847.
\Hy@abspage=\count101
\c@Item=\count102
\c@Hfootnote=\count103
)

Package hyperref Message: Driver (autodetected): hpdftex.

(/usr/share/texlive/texmf-dist/tex/latex/hyperref/hpdftex.def
File: hpdftex.def 2012/05/13 v6.82q Hyperref driver for pdfTeX
\Fld@listcount=\count104
\c@bookmark@seq@number=\count105

(/usr/share/texlive/texmf-dist/tex/latex/oberdiek/rerunfilecheck.sty
Package: rerunfilecheck 2011/04/15 v1.7 Rerun checks for auxiliary files (HO)
Package uniquecounter Info: New unique counter `rerunfilecheck' on input line 2
82.
)
\Hy@SectionHShift=\skip46
)
(/usr/share/texmf/tex/latex/pgf/frontendlayer/tikz.sty
(/usr/share/texmf/tex/latex/pgf/basiclayer/pgf.sty
(/usr/share/texmf/tex/latex/pgf/utilities/pgfrcs.sty
(/usr/share/texmf/tex/generic/pgf/utilities/pgfutil-common.tex
\pgfutil@everybye=\toks22
)
(/usr/share/texmf/tex/generic/pgf/utilities/pgfutil-latex.def
\pgfutil@abb=\box26

(/usr/share/texlive/texmf-dist/tex/latex/ms/everyshi.sty
Package: everyshi 2001/05/15 v3.00 EveryShipout Package (MS)
))
(/usr/share/texmf/tex/generic/pgf/utilities/pgfrcs.code.tex
Package: pgfrcs 2010/10/25 v2.10 (rcs-revision 1.24)
))
Package: pgf 2008/01/15 v2.10 (rcs-revision 1.12)

(/usr/share/texmf/tex/latex/pgf/basiclayer/pgfcore.sty
(/usr/share/texlive/texmf-dist/tex/latex/graphics/graphicx.sty
Package: graphicx 1999/02/16 v1.0f Enhanced LaTeX Graphics (DPC,SPQR)

(/usr/share/texlive/texmf-dist/tex/latex/graphics/graphics.sty
Package: graphics 2009/02/05 v1.0o Standard LaTeX Graphics (DPC,SPQR)

(/usr/share/texlive/texmf-dist/tex/latex/graphics/trig.sty
Package: trig 1999/03/16 v1.09 sin cos tan (DPC)
)
(/usr/share/texlive/texmf-dist/tex/latex/latexconfig/graphics.cfg
File: graphics.cfg 2010/04/23 v1.9 graphics configuration of TeX Live
)
Package graphics Info: Driver file: pdftex.def on input line 91.
)
\Gin@req@height=\dimen119
\Gin@req@width=\dimen120
)
(/usr/share/texmf/tex/latex/pgf/systemlayer/pgfsys.sty
(/usr/share/texmf/tex/generic/pgf/systemlayer/pgfsys.code.tex
Package: pgfsys 2010/06/30 v2.10 (rcs-revision 1.37)

(/usr/share/texmf/tex/generic/pgf/utilities/pgfkeys.code.tex
\pgfkeys@pathtoks=\toks23
\pgfkeys@temptoks=\toks24

(/usr/share/texmf/tex/generic/pgf/utilities/pgfkeysfiltered.code.tex
\pgfkeys@tmptoks=\toks25
))
\pgf@x=\dimen121
\pgf@y=\dimen122
\pgf@xa=\dimen123
\pgf@ya=\dimen124
\pgf@xb=\dimen125
\pgf@yb=\dimen126
\pgf@xc=\dimen127
\pgf@yc=\dimen128
\w@pgf@writea=\write3
\r@pgf@reada=\read2
\c@pgf@counta=\count106
\c@pgf@countb=\count107
\c@pgf@countc=\count108
\c@pgf@countd=\count109

(/usr/share/texmf/tex/generic/pgf/systemlayer/pgf.cfg
File: pgf.cfg 2008/05/14  (rcs-revision 1.7)
)
Package pgfsys Info: Driver file for pgf: pgfsys-pdftex.def on input line 900.

(/usr/share/texmf/tex/generic/pgf/systemlayer/pgfsys-pdftex.def
File: pgfsys-pdftex.def 2009/05/22  (rcs-revision 1.26)

(/usr/share/texmf/tex/generic/pgf/systemlayer/pgfsys-common-pdf.def
File: pgfsys-common-pdf.def 2008/05/19  (rcs-revision 1.10)
)))
(/usr/share/texmf/tex/generic/pgf/systemlayer/pgfsyssoftpath.code.tex
File: pgfsyssoftpath.code.tex 2008/07/18  (rcs-revision 1.7)
\pgfsyssoftpath@smallbuffer@items=\count110
\pgfsyssoftpath@bigbuffer@items=\count111
)
(/usr/share/texmf/tex/generic/pgf/systemlayer/pgfsysprotocol.code.tex
File: pgfsysprotocol.code.tex 2006/10/16  (rcs-revision 1.4)
))
(/usr/share/texmf/tex/generic/pgf/basiclayer/pgfcore.code.tex
Package: pgfcore 2010/04/11 v2.10 (rcs-revision 1.7)

(/usr/share/texmf/tex/generic/pgf/math/pgfmath.code.tex
(/usr/share/texmf/tex/generic/pgf/math/pgfmathcalc.code.tex
(/usr/share/texmf/tex/generic/pgf/math/pgfmathutil.code.tex)
(/usr/share/texmf/tex/generic/pgf/math/pgfmathparser.code.tex
\pgfmath@dimen=\dimen129
\pgfmath@count=\count112
\pgfmath@box=\box27
\pgfmath@toks=\toks26
\pgfmath@stack@operand=\toks27
\pgfmath@stack@operation=\toks28
)
(/usr/share/texmf/tex/generic/pgf/math/pgfmathfunctions.code.tex
(/usr/share/texmf/tex/generic/pgf/math/pgfmathfunctions.basic.code.tex)
(/usr/share/texmf/tex/generic/pgf/math/pgfmathfunctions.trigonometric.code.tex)
(/usr/share/texmf/tex/generic/pgf/math/pgfmathfunctions.random.code.tex)
(/usr/share/texmf/tex/generic/pgf/math/pgfmathfunctions.comparison.code.tex)
(/usr/share/texmf/tex/generic/pgf/math/pgfmathfunctions.base.code.tex)
(/usr/share/texmf/tex/generic/pgf/math/pgfmathfunctions.round.code.tex)
(/usr/share/texmf/tex/generic/pgf/math/pgfmathfunctions.misc.code.tex)))
(/usr/share/texmf/tex/generic/pgf/math/pgfmathfloat.code.tex
\c@pgfmathroundto@lastzeros=\count113
))
(/usr/share/texmf/tex/generic/pgf/basiclayer/pgfcorepoints.code.tex
File: pgfcorepoints.code.tex 2010/04/09  (rcs-revision 1.20)
\pgf@picminx=\dimen130
\pgf@picmaxx=\dimen131
\pgf@picminy=\dimen132
\pgf@picmaxy=\dimen133
\pgf@pathminx=\dimen134
\pgf@pathmaxx=\dimen135
\pgf@pathminy=\dimen136
\pgf@pathmaxy=\dimen137
\pgf@xx=\dimen138
\pgf@xy=\dimen139
\pgf@yx=\dimen140
\pgf@yy=\dimen141
\pgf@zx=\dimen142
\pgf@zy=\dimen143
)
(/usr/share/texmf/tex/generic/pgf/basiclayer/pgfcorepathconstruct.code.tex
File: pgfcorepathconstruct.code.tex 2010/08/03  (rcs-revision 1.24)
\pgf@path@lastx=\dimen144
\pgf@path@lasty=\dimen145
)
(/usr/share/texmf/tex/generic/pgf/basiclayer/pgfcorepathusage.code.tex
File: pgfcorepathusage.code.tex 2008/04/22  (rcs-revision 1.12)
\pgf@shorten@end@additional=\dimen146
\pgf@shorten@start@additional=\dimen147
)
(/usr/share/texmf/tex/generic/pgf/basiclayer/pgfcorescopes.code.tex
File: pgfcorescopes.code.tex 2010/09/08  (rcs-revision 1.34)
\pgfpic=\box28
\pgf@hbox=\box29
\pgf@layerbox@main=\box30
\pgf@picture@serial@count=\count114
)
(/usr/share/texmf/tex/generic/pgf/basiclayer/pgfcoregraphicstate.code.tex
File: pgfcoregraphicstate.code.tex 2008/04/22  (rcs-revision 1.9)
\pgflinewidth=\dimen148
)
(/usr/share/texmf/tex/generic/pgf/basiclayer/pgfcoretransformations.code.tex
File: pgfcoretransformations.code.tex 2009/06/10  (rcs-revision 1.11)
\pgf@pt@x=\dimen149
\pgf@pt@y=\dimen150
\pgf@pt@temp=\dimen151
)
(/usr/share/texmf/tex/generic/pgf/basiclayer/pgfcorequick.code.tex
File: pgfcorequick.code.tex 2008/10/09  (rcs-revision 1.3)
)
(/usr/share/texmf/tex/generic/pgf/basiclayer/pgfcoreobjects.code.tex
File: pgfcoreobjects.code.tex 2006/10/11  (rcs-revision 1.2)
)
(/usr/share/texmf/tex/generic/pgf/basiclayer/pgfcorepathprocessing.code.tex
File: pgfcorepathprocessing.code.tex 2008/10/09  (rcs-revision 1.8)
)
(/usr/share/texmf/tex/generic/pgf/basiclayer/pgfcorearrows.code.tex
File: pgfcorearrows.code.tex 2008/04/23  (rcs-revision 1.11)
)
(/usr/share/texmf/tex/generic/pgf/basiclayer/pgfcoreshade.code.tex
File: pgfcoreshade.code.tex 2008/11/23  (rcs-revision 1.13)
\pgf@max=\dimen152
\pgf@sys@shading@range@num=\count115
)
(/usr/share/texmf/tex/generic/pgf/basiclayer/pgfcoreimage.code.tex
File: pgfcoreimage.code.tex 2010/03/25  (rcs-revision 1.16)

(/usr/share/texmf/tex/generic/pgf/basiclayer/pgfcoreexternal.code.tex
File: pgfcoreexternal.code.tex 2010/09/01  (rcs-revision 1.17)
\pgfexternal@startupbox=\box31
))
(/usr/share/texmf/tex/generic/pgf/basiclayer/pgfcorelayers.code.tex
File: pgfcorelayers.code.tex 2010/08/27  (rcs-revision 1.2)
)
(/usr/share/texmf/tex/generic/pgf/basiclayer/pgfcoretransparency.code.tex
File: pgfcoretransparency.code.tex 2008/01/17  (rcs-revision 1.2)
)
(/usr/share/texmf/tex/generic/pgf/basiclayer/pgfcorepatterns.code.tex
File: pgfcorepatterns.code.tex 2009/07/02  (rcs-revision 1.3)
)))
(/usr/share/texmf/tex/generic/pgf/modules/pgfmoduleshapes.code.tex
File: pgfmoduleshapes.code.tex 2010/09/09  (rcs-revision 1.13)
\pgfnodeparttextbox=\box32
)
(/usr/share/texmf/tex/generic/pgf/modules/pgfmoduleplot.code.tex
File: pgfmoduleplot.code.tex 2010/10/22  (rcs-revision 1.8)
)
(/usr/share/texmf/tex/latex/pgf/compatibility/pgfcomp-version-0-65.sty
Package: pgfcomp-version-0-65 2007/07/03 v2.10 (rcs-revision 1.7)
\pgf@nodesepstart=\dimen153
\pgf@nodesepend=\dimen154
)
(/usr/share/texmf/tex/latex/pgf/compatibility/pgfcomp-version-1-18.sty
Package: pgfcomp-version-1-18 2007/07/23 v2.10 (rcs-revision 1.1)
))
(/usr/share/texmf/tex/latex/pgf/utilities/pgffor.sty
(/usr/share/texmf/tex/latex/pgf/utilities/pgfkeys.sty
(/usr/share/texmf/tex/generic/pgf/utilities/pgfkeys.code.tex))
(/usr/share/texmf/tex/generic/pgf/utilities/pgffor.code.tex
Package: pgffor 2010/03/23 v2.10 (rcs-revision 1.18)
\pgffor@iter=\dimen155
\pgffor@skip=\dimen156
\pgffor@stack=\toks29
\pgffor@toks=\toks30
))
(/usr/share/texmf/tex/generic/pgf/frontendlayer/tikz/tikz.code.tex
Package: tikz 2010/10/13 v2.10 (rcs-revision 1.76)

(/usr/share/texmf/tex/generic/pgf/libraries/pgflibraryplothandlers.code.tex
File: pgflibraryplothandlers.code.tex 2010/05/31 v2.10 (rcs-revision 1.15)
\pgf@plot@mark@count=\count116
\pgfplotmarksize=\dimen157
)
\tikz@lastx=\dimen158
\tikz@lasty=\dimen159
\tikz@lastxsaved=\dimen160
\tikz@lastysaved=\dimen161
\tikzleveldistance=\dimen162
\tikzsiblingdistance=\dimen163
\tikz@figbox=\box33
\tikz@tempbox=\box34
\tikztreelevel=\count117
\tikznumberofchildren=\count118
\tikznumberofcurrentchild=\count119
\tikz@fig@count=\count120

(/usr/share/texmf/tex/generic/pgf/modules/pgfmodulematrix.code.tex
File: pgfmodulematrix.code.tex 2010/08/24  (rcs-revision 1.4)
\pgfmatrixcurrentrow=\count121
\pgfmatrixcurrentcolumn=\count122
\pgf@matrix@numberofcolumns=\count123
)
\tikz@expandcount=\count124

(/usr/share/texmf/tex/generic/pgf/frontendlayer/tikz/libraries/tikzlibrarytopat
hs.code.tex
File: tikzlibrarytopaths.code.tex 2008/06/17 v2.10 (rcs-revision 1.2)
))) (/usr/share/texlive/texmf-dist/tex/latex/listings/listings.sty
\lst@mode=\count125
\lst@gtempboxa=\box35
\lst@token=\toks31
\lst@length=\count126
\lst@currlwidth=\dimen164
\lst@column=\count127
\lst@pos=\count128
\lst@lostspace=\dimen165
\lst@width=\dimen166
\lst@newlines=\count129
\lst@lineno=\count130
\lst@maxwidth=\dimen167

(/usr/share/texlive/texmf-dist/tex/latex/listings/lstmisc.sty
File: lstmisc.sty 2007/02/22 1.4 (Carsten Heinz)
\c@lstnumber=\count131
\lst@skipnumbers=\count132
\lst@framebox=\box36
)
(/usr/share/texlive/texmf-dist/tex/latex/listings/listings.cfg
File: listings.cfg 2007/02/22 1.4 listings configuration
))
Package: listings 2007/02/22 1.4 (Carsten Heinz)

(/usr/share/texlive/texmf-dist/tex/latex/fancyhdr/fancyhdr.sty
\fancy@headwidth=\skip47
\f@ncyO@elh=\skip48
\f@ncyO@erh=\skip49
\f@ncyO@olh=\skip50
\f@ncyO@orh=\skip51
\f@ncyO@elf=\skip52
\f@ncyO@erf=\skip53
\f@ncyO@olf=\skip54
\f@ncyO@orf=\skip55
)
(/usr/share/texlive/texmf-dist/tex/latex/eurosym/eurosym.sty
Package: eurosym 1998/08/06 v1.1 European currency symbol ``Euro''
\@eurobox=\box37
)
(/usr/share/texlive/texmf-dist/tex/latex/float/float.sty
Package: float 2001/11/08 v1.3d Float enhancements (AL)
\c@float@type=\count133
\float@exts=\toks32
\float@box=\box38
\@float@everytoks=\toks33
\@floatcapt=\box39
)
(/usr/share/texlive/texmf-dist/tex/latex/pdfpages/pdfpages.sty
Package: pdfpages 2012/04/03 v0.4s Insert pages of external PDF documents (AM)

(/usr/share/texlive/texmf-dist/tex/latex/base/ifthen.sty
Package: ifthen 2001/05/26 v1.1c Standard LaTeX ifthen package (DPC)
)
(/usr/share/texlive/texmf-dist/tex/latex/tools/calc.sty
Package: calc 2007/08/22 v4.3 Infix arithmetic (KKT,FJ)
\calc@Acount=\count134
\calc@Bcount=\count135
\calc@Adimen=\dimen168
\calc@Bdimen=\dimen169
\calc@Askip=\skip56
\calc@Bskip=\skip57
LaTeX Info: Redefining \setlength on input line 76.
LaTeX Info: Redefining \addtolength on input line 77.
\calc@Ccount=\count136
\calc@Cskip=\skip58
)
(/usr/share/texlive/texmf-dist/tex/latex/eso-pic/eso-pic.sty
Package: eso-pic 2010/10/06 v2.0c eso-pic (RN)
)
(/usr/share/texlive/texmf-dist/tex/latex/pdfpages/pppdftex.def
File: pppdftex.def 2012/04/03 v0.4s Pdfpages driver for pdfTeX (AM)
)
\AM@pagebox=\box40
\AM@toc@title=\toks34
\c@AM@survey=\count137
\AM@templatesizebox=\box41
)
(./lib/lipsum.sty
Package: lib/lipsum 2011/04/14 v1.2 150 paragraphs of Lorem Ipsum dummy text
\c@lips@count=\count138
) (./lib/wrapfig.sty
\wrapoverhang=\dimen170
\WF@size=\dimen171
\c@WF@wrappedlines=\count139
\WF@box=\box42
\WF@everypar=\toks35
Package: lib/wrapfig 2003/01/31  v 3.6
) (./styles/entetesPiedDePages.tex)
(./macros/constantes.tex) (./macros/symboles.tex)
(./styles/remarquesExempleAttention.tex
\c@exemples=\count140
) (./styles/polices.tex
LaTeX Font Info:    Try loading font information for T1+phv on input line 15.

(/usr/share/texlive/texmf-dist/tex/latex/psnfss/t1phv.fd
File: t1phv.fd 2001/06/04 scalable font definitions for T1/phv.
))
(./styles/affichageChapitre.tex
\sectiontitleindent=\skip59
\subsectiontitleindent=\skip60
\subsubsectiontitleindent=\skip61
) (./styles/glossaire.tex (./lib/datatool.sty
Package: lib/datatool 2009/11/15 v2.03 (NLCT)

(/usr/share/texlive/texmf-dist/tex/latex/xkeyval/xkeyval.sty
Package: xkeyval 2008/08/13 v2.6a package option processing (HA)

(/usr/share/texlive/texmf-dist/tex/generic/xkeyval/xkeyval.tex
\XKV@toks=\toks36
\XKV@tempa@toks=\toks37
\XKV@depth=\count141
File: xkeyval.tex 2008/08/13 v2.6a key=value parser (HA)
))
(./lib/xfor.sty
Package: lib/xfor 2009/02/05 v1.05 (NLCT)
) (/usr/share/texlive/texmf-dist/tex/latex/fp/fp.sty
Package: fp 1995/04/02

`Fixed Point Package', Version 0.8, April 2, 1995 (C) Michael Mehlich
(/usr/share/texlive/texmf-dist/tex/latex/fp/defpattern.sty
Package: defpattern 1994/10/12
\actioncount=\count142
)
(/usr/share/texlive/texmf-dist/tex/latex/fp/fp-basic.sty
Package: fp-basic 1996/05/13
\FP@xs=\count143
\FP@xia=\count144
\FP@xib=\count145
\FP@xfa=\count146
\FP@xfb=\count147
\FP@rega=\count148
\FP@regb=\count149
\FP@regs=\count150
\FP@times=\count151
)
(/usr/share/texlive/texmf-dist/tex/latex/fp/fp-addons.sty
Package: fp-addons 1995/03/15
)
(/usr/share/texlive/texmf-dist/tex/latex/fp/fp-snap.sty
Package: fp-snap 1995/04/05
)
(/usr/share/texlive/texmf-dist/tex/latex/fp/fp-exp.sty
Package: fp-exp 1995/04/03
)
(/usr/share/texlive/texmf-dist/tex/latex/fp/fp-trigo.sty
Package: fp-trigo 1995/04/14
)
(/usr/share/texlive/texmf-dist/tex/latex/fp/fp-pas.sty
Package: fp-pas 1994/08/29
)
(/usr/share/texlive/texmf-dist/tex/latex/fp/fp-random.sty
Package: fp-random 1995/02/23
\FPseed=\count152
)
(/usr/share/texlive/texmf-dist/tex/latex/fp/fp-eqn.sty
Package: fp-eqn 1995/04/03
)
(/usr/share/texlive/texmf-dist/tex/latex/fp/fp-upn.sty
Package: fp-upn 1996/10/21
)
(/usr/share/texlive/texmf-dist/tex/latex/fp/fp-eval.sty
Package: fp-eval 1995/04/03
)) (./lib/substr.sty
Package: lib/substr 2009/10/20 v1.2 Handle substrings
\c@su@anzahl=\count153
)
(/usr/share/texlive/texmf-dist/tex/latex/etex-pkg/etex.sty
Package: etex 1998/03/26 v2.0 eTeX basic definition package (PEB)
\et@xins=\count154
)
\@dtl@datatype=\count155
\@dtl@tmpcount=\count156
\dtl@tmplength=\skip62
\@dtl@numgrpsepcount=\count157
\dtl@codeA=\count158
\dtl@codeB=\count159
\dtlcolumnnum=\count160
\dtlrownum=\count161
\@dtl@before=\toks38
\@dtl@after=\toks39
\@dtl@colhead=\toks40
\dtlcurrentrow=\toks41
\dtlbeforerow=\toks42
\dtlafterrow=\toks43
\@dtl@foreach@level=\count162
\dtlforeachlevel=\count163
\c@DTLrowi=\count164
\c@DTLrowii=\count165
\c@DTLrowiii=\count166
\c@DTLrow=\count167
\dtl@rowi=\count168
\dtl@rowii=\count169
\dtl@rowiii=\count170
\@dtl@curi=\toks44
\@dtl@previ=\toks45
\@dtl@nexti=\toks46
\@dtl@curii=\toks47
\@dtl@previi=\toks48
\@dtl@nextii=\toks49
\@dtl@curiii=\toks50
\@dtl@previii=\toks51
\@dtl@nextiii=\toks52
\@dtl@elements=\count171
\@dtl@list=\toks53
\@dtl@rowa=\toks54
\@dtl@rowb=\toks55
\@dtl@toksA=\toks56
\@dtl@toksB=\toks57
\@dtl@toks=\toks58
\@dtl@write=\write4
\@dtl@read=\read3
\dtl@entrycr=\count172
\dtl@sortresult=\count173
)
\glossaireVar=\write5
)
(./styles/listings.tex)

LaTeX Warning: Unused global option(s):
    [12.2pt].

(./rapport.aux
No file contenu/0-avantPropos/pageDeTitre.aux.
No file contenu/0-avantPropos/remerciements.aux.
No file contenu/0-avantPropos/intro.aux.
(./contenu/1-entreprise.aux) (./contenu/3-mission.aux) (./contenu/4-bilan.aux)
(./contenu/annexes/preambule.aux) (./contenu/annexes/pageDeTitre.aux)
(./contenu/annexes/resultats.aux) (./contenu/annexes/glossaire.aux)
(./contenu/annexes/listes.aux) (./contenu/annexes/codeSource.aux))
\openout1 = `rapport.aux'.

LaTeX Font Info:    Checking defaults for OML/cmm/m/it on input line 99.
LaTeX Font Info:    ... okay on input line 99.
LaTeX Font Info:    Checking defaults for T1/cmr/m/n on input line 99.
LaTeX Font Info:    ... okay on input line 99.
LaTeX Font Info:    Checking defaults for OT1/cmr/m/n on input line 99.
LaTeX Font Info:    ... okay on input line 99.
LaTeX Font Info:    Checking defaults for OMS/cmsy/m/n on input line 99.
LaTeX Font Info:    ... okay on input line 99.
LaTeX Font Info:    Checking defaults for OMX/cmex/m/n on input line 99.
LaTeX Font Info:    ... okay on input line 99.
LaTeX Font Info:    Checking defaults for U/cmr/m/n on input line 99.
LaTeX Font Info:    ... okay on input line 99.
LaTeX Font Info:    Checking defaults for PD1/pdf/m/n on input line 99.
LaTeX Font Info:    ... okay on input line 99.
LaTeX Font Info:    Try loading font information for T1+lmr on input line 99.

(/usr/share/texmf/tex/latex/lm/t1lmr.fd
File: t1lmr.fd 2009/10/30 v1.6 Font defs for Latin Modern
)
*geometry* driver: auto-detecting
*geometry* detected driver: pdftex
*geometry* verbose mode - [ preamble ] result:
* driver: pdftex
* paper: a4paper
* layout: <same size as paper>
* layoutoffset:(h,v)=(0.0pt,0.0pt)
* modes: twoside 
* h-part:(L,W,R)=(51.21504pt, 495.07779pt, 51.21504pt)
* v-part:(T,H,B)=(62.59596pt, 719.85492pt, 62.59596pt)
* \paperwidth=597.50787pt
* \paperheight=845.04684pt
* \textwidth=495.07779pt
* \textheight=719.85492pt
* \oddsidemargin=-21.05495pt
* \evensidemargin=-21.05495pt
* \topmargin=-39.74152pt
* \headheight=12.0pt
* \headsep=18.06749pt
* \topskip=10.0pt
* \footskip=25.29494pt
* \marginparwidth=115.0pt
* \marginparsep=7.0pt
* \columnsep=10.0pt
* \skip\footins=9.0pt plus 4.0pt minus 2.0pt
* \hoffset=0.0pt
* \voffset=0.0pt
* \mag=1000
* \@twocolumnfalse
* \@twosidetrue
* \@mparswitchtrue
* \@reversemarginfalse
* (1in=72.27pt=25.4mm, 1cm=28.453pt)

(/usr/share/texlive/texmf-dist/tex/context/base/supp-pdf.mkii
[Loading MPS to PDF converter (version 2006.09.02).]
\scratchcounter=\count174
\scratchdimen=\dimen172
\scratchbox=\box43
\nofMPsegments=\count175
\nofMParguments=\count176
\everyMPshowfont=\toks59
\MPscratchCnt=\count177
\MPscratchDim=\dimen173
\MPnumerator=\count178
\makeMPintoPDFobject=\count179
\everyMPtoPDFconversion=\toks60
)
LaTeX Info: Redefining \degres on input line 99.


Package frenchb.ldf Warning: The definition of \@makecaption has been changed,
(frenchb.ldf)                frenchb will NOT customise it;
(frenchb.ldf)                reported on input line 99.

LaTeX Info: Redefining \dots on input line 99.
LaTeX Info: Redefining \up on input line 99.
\AtBeginShipoutBox=\box44
Package hyperref Info: Link coloring ON on input line 99.
(/usr/share/texlive/texmf-dist/tex/latex/hyperref/nameref.sty
Package: nameref 2010/04/30 v2.40 Cross-referencing by name of section

(/usr/share/texlive/texmf-dist/tex/generic/oberdiek/gettitlestring.sty
Package: gettitlestring 2010/12/03 v1.4 Cleanup title references (HO)
)
\c@section@level=\count180
)
LaTeX Info: Redefining \ref on input line 99.
LaTeX Info: Redefining \pageref on input line 99.
LaTeX Info: Redefining \nameref on input line 99.
\@outlinefile=\write6
\openout6 = `rapport.out'.


ABD: EveryShipout initializing macros
(/usr/share/texlive/texmf-dist/tex/latex/oberdiek/epstopdf-base.sty
Package: epstopdf-base 2010/02/09 v2.5 Base part for package epstopdf

(/usr/share/texlive/texmf-dist/tex/latex/oberdiek/grfext.sty
Package: grfext 2010/08/19 v1.1 Manage graphics extensions (HO)
)
Package grfext Info: Graphics extension search list:
(grfext)             [.png,.pdf,.jpg,.mps,.jpeg,.jbig2,.jb2,.PNG,.PDF,.JPG,.JPE
G,.JBIG2,.JB2,.eps]
(grfext)             \AppendGraphicsExtensions on input line 452.

(/usr/share/texlive/texmf-dist/tex/latex/latexconfig/epstopdf-sys.cfg
File: epstopdf-sys.cfg 2010/07/13 v1.3 Configuration of (r)epstopdf for TeX Liv
e
))
\c@lstlisting=\count181
\openout2 = `contenu/0-avantPropos/pageDeTitre.aux'.


(./contenu/0-avantPropos/pageDeTitre.tex
<styles/couverture_rapport.pdf, id=9, page=1, 597.50829pt x 845.0471pt>
File: styles/couverture_rapport.pdf Graphic file (type pdf)

<use styles/couverture_rapport.pdf, page 1>
Package pdftex.def Info: styles/couverture_rapport.pdf, page1 used on input lin
e 1.
(pdftex.def)             Requested size: 597.50682pt x 845.04504pt.
File: styles/couverture_rapport.pdf Graphic file (type pdf)

<use styles/couverture_rapport.pdf, page 1>
Package pdftex.def Info: styles/couverture_rapport.pdf, page1 used on input lin
e 1.
(pdftex.def)             Requested size: 597.53416pt x 845.08372pt.
File: styles/couverture_rapport.pdf Graphic file (type pdf)

<use styles/couverture_rapport.pdf, page 1>
Package pdftex.def Info: styles/couverture_rapport.pdf, page1 used on input lin
e 1.
(pdftex.def)             Requested size: 597.53416pt x 845.08372pt.
File: styles/couverture_rapport.pdf Graphic file (type pdf)

<use styles/couverture_rapport.pdf, page 1>
Package pdftex.def Info: styles/couverture_rapport.pdf, page1 used on input lin
e 1.
(pdftex.def)             Requested size: 597.53416pt x 845.08372pt.
File: styles/couverture_rapport.pdf Graphic file (type pdf)

<use styles/couverture_rapport.pdf, page 1>
Package pdftex.def Info: styles/couverture_rapport.pdf, page1 used on input lin
e 1.
(pdftex.def)             Requested size: 597.53416pt x 845.08372pt.
 [1

\openout5 = `glossaire.tex'.


 <./styles/couverture_rapport.pdf{/var/lib/texmf/fonts/map/pdftex/updmap/pdftex
.map}>] [2]
LaTeX Font Info:    Try loading font information for T1+lmss on input line 13.

(/usr/share/texmf/tex/latex/lm/t1lmss.fd
File: t1lmss.fd 2009/10/30 v1.6 Font defs for Latin Modern
)

LaTeX Font Warning: Font shape `T1/lmss/m/sc' in size <15> not available
(Font)              Font shape `T1/lmr/m/sc' tried instead on input line 23.


LaTeX Font Warning: Font shape `T1/lmss/m/sc' in size <10> not available
(Font)              Font shape `T1/lmr/m/sc' tried instead on input line 28.

LaTeX Font Info:    Try loading font information for OT1+lmr on input line 52.
(/usr/share/texmf/tex/latex/lm/ot1lmr.fd
File: ot1lmr.fd 2009/10/30 v1.6 Font defs for Latin Modern
)
LaTeX Font Info:    Try loading font information for OML+lmm on input line 52.

(/usr/share/texmf/tex/latex/lm/omllmm.fd
File: omllmm.fd 2009/10/30 v1.6 Font defs for Latin Modern
)
LaTeX Font Info:    Try loading font information for OMS+lmsy on input line 52.


(/usr/share/texmf/tex/latex/lm/omslmsy.fd
File: omslmsy.fd 2009/10/30 v1.6 Font defs for Latin Modern
)
LaTeX Font Info:    Try loading font information for OMX+lmex on input line 52.


(/usr/share/texmf/tex/latex/lm/omxlmex.fd
File: omxlmex.fd 2009/10/30 v1.6 Font defs for Latin Modern
)
LaTeX Font Info:    External font `lmex10' loaded for size
(Font)              <10> on input line 52.
LaTeX Font Info:    External font `lmex10' loaded for size
(Font)              <7> on input line 52.
LaTeX Font Info:    External font `lmex10' loaded for size
(Font)              <5> on input line 52.


LaTeX Font Warning: Font shape `T1/lmss/m/sc' in size <11.5> not available
(Font)              Font shape `T1/lmr/m/sc' tried instead on input line 73.

<images/logoMemobox.png, id=47, 156.585pt x 81.30376pt>
File: images/logoMemobox.png Graphic file (type png)

<use images/logoMemobox.png>
Package pdftex.def Info: images/logoMemobox.png used on input line 74.
(pdftex.def)             Requested size: 128.0374pt x 66.4834pt.
 [3 <./images/logoMemobox.png>]) [4]
\openout2 = `contenu/0-avantPropos/remerciements.aux'.


(./contenu/0-avantPropos/remerciements.tex) [5



]
\openout2 = `contenu/0-avantPropos/intro.aux'.


(./contenu/0-avantPropos/intro.tex [6



] (./rapport.toc)
\tf@toc=\write7
\openout7 = `rapport.toc'.

 [7] [8

]) [9]
\openout2 = `contenu/1-entreprise.aux'.


(./contenu/1-entreprise.tex [10



]
Chapitre 1.

Overfull \hbox (1.82771pt too wide) in paragraph at lines 1--1
[] $[]$ 
 []


Overfull \hbox (24.80666pt too wide) in paragraph at lines 1--1
[][] 
 []

LaTeX Font Info:    Try loading font information for T1+pag on input line 3.
(/usr/share/texlive/texmf-dist/tex/latex/psnfss/t1pag.fd
File: t1pag.fd 2001/06/04 font definitions for T1/pag.
)

LaTeX Font Warning: Font shape `T1/pag/bc/n' undefined
(Font)              using `T1/pag/m/n' instead on input line 3.

[11]

LaTeX Font Warning: Font shape `T1/lmr/bx/sc' undefined
(Font)              using `T1/lmr/bx/n' instead on input line 70.

[12] (./images/1-entreprise/organigramme.tex
\du=\skip63
)
Overfull \hbox (45.3722pt too wide) in paragraph at lines 210--93
 [][] 
 []

LaTeX Font Info:    Try loading font information for T1+lmtt on input line 109.

(/usr/share/texmf/tex/latex/lm/t1lmtt.fd
File: t1lmtt.fd 2009/10/30 v1.6 Font defs for Latin Modern
) [13pdfTeX warning (ext4): destination with the same identifier (name{figure.1
.1}) has been already used, duplicate ignored

\AtBegShi@Output ...ipout \box \AtBeginShipoutBox 
                                                  \fi \fi 
l.112 	\subsection
                  {Pour le d√©veloppement}]) [14]
\openout2 = `contenu/3-mission.aux'.

 (./contenu/3-mission.tex
Chapitre 2.

Overfull \hbox (1.82771pt too wide) in paragraph at lines 1--1
[] $[]$ 
 []


Overfull \hbox (24.80666pt too wide) in paragraph at lines 1--1
[][] 
 []


LaTeX Font Warning: Font shape `T1/pag/bc/sc' undefined
(Font)              using `T1/pag/bc/n' instead on input line 2.

<images/2-activite/screenAdt.png, id=185, 1686.3pt x 1053.9375pt>
File: images/2-activite/screenAdt.png Graphic file (type png)

<use images/2-activite/screenAdt.png>
Package pdftex.def Info: images/2-activite/screenAdt.png used on input line 9.
(pdftex.def)             Requested size: 341.43306pt x 213.389pt.
 [15



pdfTeX warning (ext4): destination with the same identifier (name{figure.2.1}) 
has been already used, duplicate ignored

\AtBegShi@Output ...ipout \box \AtBeginShipoutBox 
                                                  \fi \fi 
l.31 
      <./images/2-activite/screenAdt.png>]
Overfull \hbox (35.17282pt too wide) in paragraph at lines 42--44
\T1/lmr/m/n/10 passer via cette classe ‡ l'aide d'un sin-gle-ton, la classe \T1
/lmtt/m/n/10 TTranslator \T1/lmr/m/n/10 fai-sait en-suite des ap-pels ‡ la clas
se \T1/lmtt/m/n/10 TDataLinkAbstract
 []


LaTeX Font Warning: Font shape `T1/lmtt/bc/n' undefined
(Font)              using `T1/lmtt/m/n' instead on input line 44.

(./images/2-activite/bdExistant.tex)
Underfull \vbox (badness 1292) has occurred while \output is active []

 [16pdfTeX warning (ext4): destination with the same identifier (name{figure.2.
2}) has been already used, duplicate ignored

\AtBegShi@Output ...ipout \box \AtBeginShipoutBox 
                                                  \fi \fi 
l.61 
     ]
Package hyperref Info: bookmark level for unknown lstlisting defaults to 0 on i
nput line 64.
 (./exemple/2-activite/appelTTranslatorGetTranslation.php
LaTeX Font Info:    Font shape `T1/lmtt/bx/n' in size <10> not available
(Font)              Font shape `T1/lmtt/b/n' tried instead on input line 3.
)
Underfull \hbox (badness 10000) in paragraph at lines 80--81

 []


Underfull \vbox (badness 1102) has occurred while \output is active []



Package Fancyhdr Warning: \headheight is too small (12.0pt): 
 Make it at least 12.80502pt.
 We now make it that large for the rest of the document.
 This may cause the page layout to be inconsistent, however.

[17pdfTeX warning (ext4): destination with the same identifier (name{table.2.1}
) has been already used, duplicate ignored

\AtBegShi@Output ...ipout \box \AtBeginShipoutBox 
                                                  \fi \fi 
l.112 	\subsection
                  {Un m√©ta-langage} \label{solRedondance}]
(./images/2-activite/schemaConst.tex) [18pdfTeX warning (ext4): destination wit
h the same identifier (name{figure.2.3}) has been already used, duplicate ignor
ed

\AtBegShi@Output ...ipout \box \AtBeginShipoutBox 
                                                  \fi \fi 
l.142 	\end{description}
                        ] (./images/2-activite/schemaRecur.tex)
(./images/2-activite/bdNouvelle.tex)
Underfull \vbox (badness 5077) has occurred while \output is active []

 [19pdfTeX warning (ext4): destination with the same identifier (name{figure.2.
4}) has been already used, duplicate ignored

\AtBegShi@Output ...ipout \box \AtBeginShipoutBox 
                                                  \fi \fi 
l.169 		\item[Concat√©ner des constantes]
                                           Pour cela, il suffit au d√©velopp...
pdfTeX warning (ext4): destination with the same identifier (name{figure.2.5}) 
has been already used, duplicate ignored

\AtBegShi@Output ...ipout \box \AtBeginShipoutBox 
                                                  \fi \fi 
l.169 		\item[Concat√©ner des constantes]
                                           Pour cela, il suffit au d√©velopp...
] (./exemple/2-activite/exempleConstantes.php)
Underfull \hbox (badness 2005) in paragraph at lines 201--201
[]|\T1/lmr/m/n/10 <nbPBX> PBX sans ligne ni
 []

(./exemple/2-activite/exempleVariables.php) [20pdfTeX warning (ext4): destinati
on with the same identifier (name{table.2.2}) has been already used, duplicate 
ignored

\AtBegShi@Output ...ipout \box \AtBeginShipoutBox 
                                                  \fi \fi 
l.211 \newpage
              pdfTeX warning (ext4): destination with the same identifier (name
{table.2.3}) has been already used, duplicate ignored

\AtBegShi@Output ...ipout \box \AtBeginShipoutBox 
                                                  \fi \fi 
l.211 \newpage
              ] (./exemple/2-activite/exemplePlurOrSing.php)
<images/2-activite/air.jpg, id=261, 301.125pt x 301.125pt>
File: images/2-activite/air.jpg Graphic file (type jpg)

<use images/2-activite/air.jpg>
Package pdftex.def Info: images/2-activite/air.jpg used on input line 241.
(pdftex.def)             Requested size: 71.13188pt x 71.13196pt.
 [21pdfTeX warning (ext4): destination with the same identifier (name{table.2.4
}) has been already used, duplicate ignored

\AtBegShi@Output ...ipout \box \AtBeginShipoutBox 
                                                  \fi \fi 
l.248         \newpage
                       <./images/2-activite/air.jpg>]
<images/2-activite/javascript.jpg, id=280, 438.63875pt x 353.32pt>
File: images/2-activite/javascript.jpg Graphic file (type jpg)

<use images/2-activite/javascript.jpg>
Package pdftex.def Info: images/2-activite/javascript.jpg used on input line 25
0.
(pdftex.def)             Requested size: 56.9055pt x 45.83617pt.

Underfull \hbox (badness 10000) in paragraph at lines 257--258

 []

<images/2-activite/mysql.jpg, id=284, 96.1191pt x 70.1019pt>
File: images/2-activite/mysql.jpg Graphic file (type jpg)

<use images/2-activite/mysql.jpg>
Package pdftex.def Info: images/2-activite/mysql.jpg used on input line 260.
(pdftex.def)             Requested size: 56.9055pt x 41.50308pt.

Underfull \hbox (badness 10000) in paragraph at lines 262--263

 []

<images/2-activite/php.png, id=285, 398.48875pt x 255.95625pt>
File: images/2-activite/php.png Graphic file (type png)

<use images/2-activite/php.png>
Package pdftex.def Info: images/2-activite/php.png used on input line 265.
(pdftex.def)             Requested size: 56.9055pt x 36.54834pt.

Underfull \hbox (badness 10000) in paragraph at lines 267--268

 []


Underfull \hbox (badness 10000) in paragraph at lines 267--268

 []


Underfull \hbox (badness 10000) in paragraph at lines 267--268

 []


Underfull \hbox (badness 10000) in paragraph at lines 267--268

 []

(./images/2-activite/archiClientServeur.tex)
(./images/2-activite/DiagrammeClassServer.tex)
Overfull \hbox (20.45172pt too wide) in paragraph at lines 281--283
[] \T1/lmr/m/n/10 ;  []
 []


Underfull \vbox (badness 10000) has occurred while \output is active []

 [22pdfTeX warning (ext4): destination with the same identifier (name{figure.2.
6}) has been already used, duplicate ignored

\AtBegShi@Output ...ipout \box \AtBeginShipoutBox 
                                                  \fi \fi 
l.286 
       <./images/2-activite/javascript.jpg> <./images/2-activite/mysql.jpg> <./
images/2-activite/php.png>] [23pdfTeX warning (ext4): destination with the same
 identifier (name{figure.2.7}) has been already used, duplicate ignored

\AtBegShi@Output ...ipout \box \AtBeginShipoutBox 
                                                  \fi \fi 
l.309             L
                   e client pourra ensuite utiliser les s√©parateurs pour or...
]
Underfull \hbox (badness 10000) in paragraph at lines 312--313

 []


Underfull \hbox (badness 10000) in paragraph at lines 341--342

 []


Underfull \hbox (badness 10000) in paragraph at lines 350--351

 []

[24]
Underfull \hbox (badness 10000) in paragraph at lines 367--368

 []


Overfull \hbox (25.9792pt too wide) in paragraph at lines 374--375
[]\T1/lmr/m/n/10 Toutes ces fonc-tion-nal-itÈs sont pos-si-bles gr‚ce au serveu
r, j'-ef-fectue donc des re-quÍtes en Javascript avec \T1/lmtt/bc/n/10 XMLHttpR
equest\T1/lmr/m/n/10 ,
 []

[25] [26] (./images/2-activite/bdNouvelleNouvelle.tex)
(./exemple/2-activite/exemplShort.php) [27pdfTeX warning (ext4): destination wi
th the same identifier (name{figure.2.8}) has been already used, duplicate igno
red

\AtBegShi@Output ...ipout \box \AtBeginShipoutBox 
                                                  \fi \fi 
l.464 \'E
         galement, embauch√© au mois de Juillet dans l'entreprise, je termin...
]) [28]
\openout2 = `contenu/4-bilan.aux'.

 (./contenu/4-bilan.tex

! Package inputenc Error: Unicode char \u8:Ôªø not set up for use with LaTeX.

See the inputenc package documentation for explanation.
Type  H <return>  for immediate help.
 ...                                              
                                                  
l.1 Ôªø
       \chapter{Conclusion}
? 
Chapitre 3.

Overfull \hbox (1.82771pt too wide) in paragraph at lines 1--1
[] $[]$ 
 []


Overfull \hbox (24.80666pt too wide) in paragraph at lines 1--1
[][] 
 []

[29



] [30] <competences.pdf, id=382, page=1, 597.23125pt x 845.1575pt>
File: competences.pdf Graphic file (type pdf)

<use competences.pdf, page 1>
Package pdftex.def Info: competences.pdf, page1 used on input line 34.
(pdftex.def)             Requested size: 597.22978pt x 845.15544pt.
File: competences.pdf Graphic file (type pdf)
 <use competences.pdf, page 1>
Package pdftex.def Info: competences.pdf, page1 used on input line 34.
(pdftex.def)             Requested size: 597.25711pt x 845.19412pt.
File: competences.pdf Graphic file (type pdf)

<use competences.pdf, page 1>
Package pdftex.def Info: competences.pdf, page1 used on input line 34.
(pdftex.def)             Requested size: 597.25711pt x 845.19412pt.
File: competences.pdf Graphic file (type pdf)
 <use competences.pdf, page 1>
Package pdftex.def Info: competences.pdf, page1 used on input line 34.
(pdftex.def)             Requested size: 597.25711pt x 845.19412pt.
File: competences.pdf Graphic file (type pdf)

<use competences.pdf, page 1>
Package pdftex.def Info: competences.pdf, page1 used on input line 34.
(pdftex.def)             Requested size: 597.25711pt x 845.19412pt.
 [31 <./competences.pdf>]
<competences.pdf, id=418, page=2, 597.23125pt x 845.1575pt>
File: competences.pdf Graphic file (type pdf)

<use competences.pdf, page 2>
Package pdftex.def Info: competences.pdf, page2 used on input line 34.
(pdftex.def)             Requested size: 597.25711pt x 845.19412pt.
File: competences.pdf Graphic file (type pdf)
 <use competences.pdf, page 2>
Package pdftex.def Info: competences.pdf, page2 used on input line 34.
(pdftex.def)             Requested size: 597.25711pt x 845.19412pt.
File: competences.pdf Graphic file (type pdf)

<use competences.pdf, page 2>
Package pdftex.def Info: competences.pdf, page2 used on input line 34.
(pdftex.def)             Requested size: 597.25711pt x 845.19412pt.
 [32 <./competences.pdf>]
<competences.pdf, id=424, page=3, 597.23125pt x 845.1575pt>
File: competences.pdf Graphic file (type pdf)

<use competences.pdf, page 3>
Package pdftex.def Info: competences.pdf, page3 used on input line 34.
(pdftex.def)             Requested size: 597.25711pt x 845.19412pt.
File: competences.pdf Graphic file (type pdf)
 <use competences.pdf, page 3>
Package pdftex.def Info: competences.pdf, page3 used on input line 34.
(pdftex.def)             Requested size: 597.25711pt x 845.19412pt.
File: competences.pdf Graphic file (type pdf)

<use competences.pdf, page 3>
Package pdftex.def Info: competences.pdf, page3 used on input line 34.
(pdftex.def)             Requested size: 597.25711pt x 845.19412pt.
 [33 <./competences.pdf>]
<images/oldCV.pdf, id=432, page=1, 597.50829pt x 845.0471pt>
File: images/oldCV.pdf Graphic file (type pdf)

<use images/oldCV.pdf, page 1>
Package pdftex.def Info: images/oldCV.pdf, page1 used on input line 35.
(pdftex.def)             Requested size: 597.50682pt x 845.04504pt.
File: images/oldCV.pdf Graphic file (type pdf)
 <use images/oldCV.pdf, page 1>
Package pdftex.def Info: images/oldCV.pdf, page1 used on input line 35.
(pdftex.def)             Requested size: 597.53416pt x 845.08372pt.
File: images/oldCV.pdf Graphic file (type pdf)

<use images/oldCV.pdf, page 1>
Package pdftex.def Info: images/oldCV.pdf, page1 used on input line 35.
(pdftex.def)             Requested size: 597.53416pt x 845.08372pt.
File: images/oldCV.pdf Graphic file (type pdf)
 <use images/oldCV.pdf, page 1>
Package pdftex.def Info: images/oldCV.pdf, page1 used on input line 35.
(pdftex.def)             Requested size: 597.53416pt x 845.08372pt.
File: images/oldCV.pdf Graphic file (type pdf)

<use images/oldCV.pdf, page 1>
Package pdftex.def Info: images/oldCV.pdf, page1 used on input line 35.
(pdftex.def)             Requested size: 597.53416pt x 845.08372pt.
 [34 <./images/oldCV.pdf>]
<images/newCV.pdf, id=588, page=1, 597.50829pt x 845.0471pt>
File: images/newCV.pdf Graphic file (type pdf)

<use images/newCV.pdf, page 1>
Package pdftex.def Info: images/newCV.pdf, page1 used on input line 36.
(pdftex.def)             Requested size: 597.50682pt x 845.04504pt.
File: images/newCV.pdf Graphic file (type pdf)
 <use images/newCV.pdf, page 1>
Package pdftex.def Info: images/newCV.pdf, page1 used on input line 36.
(pdftex.def)             Requested size: 597.53416pt x 845.08372pt.
File: images/newCV.pdf Graphic file (type pdf)

<use images/newCV.pdf, page 1>
Package pdftex.def Info: images/newCV.pdf, page1 used on input line 36.
(pdftex.def)             Requested size: 597.53416pt x 845.08372pt.
File: images/newCV.pdf Graphic file (type pdf)
 <use images/newCV.pdf, page 1>
Package pdftex.def Info: images/newCV.pdf, page1 used on input line 36.
(pdftex.def)             Requested size: 597.53416pt x 845.08372pt.
File: images/newCV.pdf Graphic file (type pdf)

<use images/newCV.pdf, page 1>
Package pdftex.def Info: images/newCV.pdf, page1 used on input line 36.
(pdftex.def)             Requested size: 597.53416pt x 845.08372pt.
 [35 <./images/newCV.pdf>])
\openout2 = `contenu/annexes/glossaire.aux'.


(./contenu/annexes/glossaire.texpdfTeX warning (ext4): destination with the sam
e identifier (name{page.14}) has been already used, duplicate ignored
<to be read again> 
                   \relax 
l.1 \chapter
            {Glossaire} [14






]pdfTeX warning (ext4): destination with the same identifier (name{chapter.2}) 
has been already used, duplicate ignored
<to be read again> 
                   \relax 
l.1 \chapter{Glossaire}
                       
Chapitre 2.

Overfull \hbox (1.82771pt too wide) in paragraph at lines 1--1
[] $[]$ 
 []


Overfull \hbox (24.80666pt too wide) in paragraph at lines 1--1
[][] 
 []

)pdfTeX warning (ext4): destination with the same identifier (name{page.15}) ha
s been already used, duplicate ignored
<to be read again> 
                   \relax 
l.115     \include{contenu/annexes/glossaire}
                                              [15]pdfTeX warning (ext4): destin
ation with the same identifier (name{page.16}) has been already used, duplicate
 ignored
<to be read again> 
                   \relax 
l.115     \include{contenu/annexes/glossaire}
                                              [16]
\openout2 = `contenu/annexes/listes.aux'.


(./contenu/annexes/listes.texpdfTeX warning (ext4): destination with the same i
dentifier (name{chapter.3}) has been already used, duplicate ignored
<to be read again> 
                   \relax 
l.1     \listoffigures
                      
Chapitre 3.

Overfull \hbox (1.82771pt too wide) in paragraph at lines 1--1
[] $[]$ 
 []


Overfull \hbox (24.80666pt too wide) in paragraph at lines 1--1
[][] 
 []

No file rapport.lof.
\tf@lof=\write8
\openout8 = `rapport.lof'.

pdfTeX warning (ext4): destination with the same identifier (name{page.17}) has
 been already used, duplicate ignored
<to be read again> 
                   \relax 
l.2      \listoftables
                       [17



]pdfTeX warning (ext4): destination with the same identifier (name{page.18}) ha
s been already used, duplicate ignored
<to be read again> 
                   \relax 
l.2      \listoftables
                       [18

]
Chapitre 4.

Overfull \hbox (1.82771pt too wide) in paragraph at lines 2--2
[] $[]$ 
 []


Overfull \hbox (24.80666pt too wide) in paragraph at lines 2--2
[][] 
 []

No file rapport.lot.
\tf@lot=\write9
\openout9 = `rapport.lot'.

pdfTeX warning (ext4): destination with the same identifier (name{page.19}) has
 been already used, duplicate ignored
<to be read again> 
                   \relax 
l.3     \lstlistoflistings
                           [19]pdfTeX warning (ext4): destination with the same
 identifier (name{page.20}) has been already used, duplicate ignored
<to be read again> 
                   \relax 
l.3     \lstlistoflistings
                           [20

]
Chapitre 5.

Overfull \hbox (1.82771pt too wide) in paragraph at lines 3--3
[] $[]$ 
 []


Overfull \hbox (24.80666pt too wide) in paragraph at lines 3--3
[][] 
 []

No file rapport.lol.
\tf@lol=\write10
\openout10 = `rapport.lol'.

)pdfTeX warning (ext4): destination with the same identifier (name{page.21}) ha
s been already used, duplicate ignored
<to be read again> 
                   \relax 
l.116     \include{contenu/annexes/listes}
                                           [21]
\openout2 = `contenu/annexes/codeSource.aux'.


(./contenu/annexes/codeSource.texpdfTeX warning (ext4): destination with the sa
me identifier (name{page.22}) has been already used, duplicate ignored
<to be read again> 
                   \relax 
l.1 \chapter
            {Code source} [22



]
Chapitre 6.

Overfull \hbox (1.82771pt too wide) in paragraph at lines 1--1
[] $[]$ 
 []


Overfull \hbox (24.80666pt too wide) in paragraph at lines 1--1
[][] 
 []

(./contenu/annexes/TLanguage.class.php
Underfull \vbox (badness 10000) has occurred while \output is active []

pdfTeX warning (ext4): destination with the same identifier (name{page.23}) has
 been already used, duplicate ignored
<to be read again> 
                   \relax 
l.45 			$sLangReturn 
                     = $access_manager->getContextManager(CONTEXT_LANGUE, AL...
[23]

! Package inputenc Error: Keyboard character used is undefined
(inputenc)                in inputencoding `utf8'.

See the inputenc package documentation for explanation.
Type  H <return>  for immediate help.
 ...                                              
                                                  
l.87 ...eut faire passer les variables a†integrer 
                                                  dans la traduction
? r
OK, entering \nonstopmode...

Underfull \vbox (badness 10000) has occurred while \output is active []

pdfTeX warning (ext4): destination with the same identifier (name{page.24}) has
 been already used, duplicate ignored
<to be read again> 
                   \relax 
l.98 		//
          Si on a fait passe les variables dans un tableau [24]

! Package inputenc Error: Keyboard character used is undefined
(inputenc)                in inputencoding `utf8'.

See the inputenc package documentation for explanation.
Type  H <return>  for immediate help.
 ...                                              
                                                  
l.110 ... les variables sont passe en ID grace a† 
                                                  {var1, var2, var3}}
You need to provide a definition with \DeclareInputText 
or \DeclareInputMath before using this key.


Underfull \vbox (badness 10000) has occurred while \output is active []

pdfTeX warning (ext4): destination with the same identifier (name{page.25}) has
 been already used, duplicate ignored
<to be read again> 
                   \relax 
l.155 		} 
          else { [25]
Underfull \vbox (badness 10000) has occurred while \output is active []

pdfTeX warning (ext4): destination with the same identifier (name{page.26}) has
 been already used, duplicate ignored
<to be read again> 
                   \relax 
l.206 		} 
          else { [26]

! Package inputenc Error: Keyboard character used is undefined
(inputenc)                in inputencoding `utf8'.

See the inputenc package documentation for explanation.
Type  H <return>  for immediate help.
 ...                                              
                                                  
l.234 	 * @param String $xstring Chaine a† 
                                           parser
You need to provide a definition with \DeclareInputText 
or \DeclareInputMath before using this key.


Underfull \vbox (badness 10000) has occurred while \output is active []

pdfTeX warning (ext4): destination with the same identifier (name{page.27}) has
 been already used, duplicate ignored
<to be read again> 
                   \relax 
l.262 				}
            [27]

! Package inputenc Error: Keyboard character used is undefined
(inputenc)                in inputencoding `utf8'.

See the inputenc package documentation for explanation.
Type  H <return>  for immediate help.
 ...                                              
                                                  
l.271 	 * @param String $xstring Chaine a† 
                                           parser
You need to provide a definition with \DeclareInputText 
or \DeclareInputMath before using this key.


! Package inputenc Error: Keyboard character used is undefined
(inputenc)                in inputencoding `utf8'.

See the inputenc package documentation for explanation.
Type  H <return>  for immediate help.
 ...                                              
                                                  
l.288 	 * @param String $xstring Chaine a† 
                                           accorder contenant des <variable>...

You need to provide a definition with \DeclareInputText 
or \DeclareInputMath before using this key.


Underfull \vbox (badness 10000) has occurred while \output is active []

pdfTeX warning (ext4): destination with the same identifier (name{page.28}) has
 been already used, duplicate ignored
<to be read again> 
                   \relax 
l.316 		}
          [28]

! Package inputenc Error: Keyboard character used is undefined
(inputenc)                in inputencoding `utf8'.

See the inputenc package documentation for explanation.
Type  H <return>  for immediate help.
 ...                                              
                                                  
l.321 	 * Obtient un tableau de constantes a† 
                                              partir d'une chaine de caracte...

You need to provide a definition with \DeclareInputText 
or \DeclareInputMath before using this key.


! Package inputenc Error: Keyboard character used is undefined
(inputenc)                in inputencoding `utf8'.

See the inputenc package documentation for explanation.
Type  H <return>  for immediate help.
 ...                                              
                                                  
l.322 	 * @param string $xsValueToParse Chaine a† 
                                                  parser
You need to provide a definition with \DeclareInputText 
or \DeclareInputMath before using this key.

) (./contenu/annexes/MemoLanguage_Serveur/database.class.php)pdfTeX warning (ex
t4): destination with the same identifier (name{page.29}) has been already used
, duplicate ignored
<to be read again> 
                   \relax 
l.7 ...es/MemoLanguage_Serveur/database.class.php}
                                                  % [29]
(./contenu/annexes/MemoLanguage_Serveur/databaseSearch.class.phppdfTeX warning 
(ext4): destination with the same identifier (name{page.30}) has been already u
sed, duplicate ignored
<to be read again> 
                   \relax 
l.55     	$txtQuery 
                    .= "AND Language='$xaLangSearch')"; [30]
Underfull \vbox (badness 10000) has occurred while \output is active []

pdfTeX warning (ext4): destination with the same identifier (name{page.31}) has
 been already used, duplicate ignored
<to be read again> 
                   \relax 
l.112 		$txtQuery 
                  .= " FROM ".$xsTable.""; [31]
Underfull \vbox (badness 10000) has occurred while \output is active []

pdfTeX warning (ext4): destination with the same identifier (name{page.32}) has
 been already used, duplicate ignored
<to be read again> 
                   \relax 
l.169 		$aLanguageBool 
                       = array('fr' => false, 'en' => false, 'es' =>false);
[32]) (./contenu/annexes/MemoLanguage_Serveur/index.phppdfTeX warning (ext4): d
estination with the same identifier (name{page.33}) has been already used, dupl
icate ignored
<to be read again> 
                   \relax 
l.27 	case 
           'update': [33])
(./contenu/annexes/MemoLanguage_Serveur/page.class.php)
(./contenu/annexes/MemoLanguage_Serveur/pageselect.class.phppdfTeX warning (ext
4): destination with the same identifier (name{page.34}) has been already used,
 duplicate ignored
<to be read again> 
                   \relax 
l.29 			$this-
              >sTable = DBTABLENAMENOUVELLE; [34]
Underfull \vbox (badness 10000) has occurred while \output is active []

pdfTeX warning (ext4): destination with the same identifier (name{page.35}) has
 been already used, duplicate ignored
<to be read again> 
                   \relax 
l.83 			$this-
              >sText .= SEPARATEURCOLONNE; [35])
(./contenu/annexes/MemoLanguage_Client/search.js [36]
Underfull \vbox (badness 10000) has occurred while \output is active []

 [37]
Underfull \vbox (badness 10000) has occurred while \output is active []

 [38]
Underfull \vbox (badness 10000) has occurred while \output is active []

 [39]
Underfull \vbox (badness 10000) has occurred while \output is active []

 [40]

! Package inputenc Error: Unicode char \u8:Ó\expandafter\lst@FillFixed@ not set
 up for use with LaTeX.

See the inputenc package documentation for explanation.
Type  H <return>  for immediate help.
 ...                                              
                                                  
l.243  * @returns La chaÓne 
                            coloree
Your command was ignored.
Type  I <command> <return>  to replace it with another command,
or  <return>  to continue without it.

) (./contenu/annexes/MemoLanguage_Client/actionTranslate.js [41])
(/usr/share/texlive/texmf-dist/tex/latex/listings/lstlang1.sty
File: lstlang1.sty 2004/09/05 1.3 listings language file
)
(/usr/share/texlive/texmf-dist/tex/latex/listings/lstmisc.sty
File: lstmisc.sty 2007/02/22 1.4 (Carsten Heinz)
)
(./contenu/annexes/MemoLanguage_Client/homeSearch.html

! Package inputenc Error: Unicode char \u8:√\expandafter not set up for use wit
h LaTeX.

See the inputenc package documentation for explanation.
Type  H <return>  for immediate help.
 ...                                              
                                                  
l.33 			<label for="chkSearch1">Fran√ßais 
                                          </label><br />
Your command was ignored.
Type  I <command> <return>  to replace it with another command,
or  <return>  to continue without it.


! Package inputenc Error: Keyboard character used is undefined
(inputenc)                in inputencoding `utf8'.

See the inputenc package documentation for explanation.
Type  H <return>  for immediate help.
 ...                                              
                                                  
l.33 			<label for="chkSearch1">Fran√ßais 
                                          </label><br />
You need to provide a definition with \DeclareInputText 
or \DeclareInputMath before using this key.

[42]
Underfull \vbox (badness 10000) has occurred while \output is active []

 [43])
(./contenu/annexes/MemoLanguage_Client/MemoLanguage-app.xml)) [44]
Package atveryend Info: Empty hook `BeforeClearDocument' on input line 118.
Package atveryend Info: Empty hook `AfterLastShipout' on input line 118.

(./rapport.aux (./contenu/0-avantPropos/pageDeTitre.aux)
(./contenu/0-avantPropos/remerciements.aux) (./contenu/0-avantPropos/intro.aux)
(./contenu/1-entreprise.aux) (./contenu/3-mission.aux) (./contenu/4-bilan.aux)
(./contenu/annexes/preambule.aux) (./contenu/annexes/pageDeTitre.aux)
(./contenu/annexes/resultats.aux) (./contenu/annexes/glossaire.aux)
(./contenu/annexes/listes.aux) (./contenu/annexes/codeSource.aux))
Package atveryend Info: Executing hook `AtVeryEndDocument' on input line 118.
Package atveryend Info: Executing hook `AtEndAfterFileList' on input line 118.


Package rerunfilecheck Warning: File `rapport.out' has changed.
(rerunfilecheck)                Rerun to get outlines right
(rerunfilecheck)                or use package `bookmark'.

Package rerunfilecheck Info: Checksums for `rapport.out':
(rerunfilecheck)             Before: <no file>
(rerunfilecheck)             After:  0194166326BE3F672594D1C145158BB2;1627.

LaTeX Font Warning: Some font shapes were not available, defaults substituted.

Package atveryend Info: Empty hook `AtVeryVeryEnd' on input line 118.
 ) 
Here is how much of TeX's memory you used:
 21942 strings out of 495059
 360790 string characters out of 3182030
 1092182 words of memory out of 3000000
 23154 multiletter control sequences out of 15000+200000
 88626 words of font info for 58 fonts, out of 3000000 for 9000
 14 hyphenation exceptions out of 8191
 56i,18n,77p,638b,2177s stack positions out of 5000i,500n,10000p,200000b,50000s
pdfTeX warning (dest): name{subsection.A.1.7} has been referenced but does no
t exist, replaced by a fixed one

pdfTeX warning (dest): name{figure.A.5} has been referenced but does not exist,
 replaced by a fixed one

pdfTeX warning (dest): name{subsection.A.1.3} has been referenced but does not 
exist, replaced by a fixed one

pdfTeX warning (dest): name{subsection.A.1.6} has been referenced but does not 
exist, replaced by a fixed one

pdfTeX warning (dest): name{subsection.A.1.4} has been referenced but does not 
exist, replaced by a fixed one

pdfTeX warning (dest): name{figure.A.2} has been referenced but does not exist,
 replaced by a fixed one

pdfTeX warning (dest): name{subsection.A.1.1} has been referenced but does not 
exist, replaced by a fixed one

{/usr/share/texmf/fonts/enc/dvips/lm/lm-ec.enc}{/usr/share/texmf/fonts/enc/dvip
s/lm/lm-mathsy.enc}{/usr/share/texlive/texmf-dist/fonts/enc/dvips/base/8r.enc}<
/usr/share/texlive/texmf-dist/fonts/type1/public/amsfonts/cm/cmmi8.pfb></usr/sh
are/texmf/fonts/type1/public/lm/lmbx10.pfb></usr/share/texmf/fonts/type1/public
/lm/lmbx12.pfb></usr/share/texmf/fonts/type1/public/lm/lmbx8.pfb></usr/share/te
xmf/fonts/type1/public/lm/lmcsc10.pfb></usr/share/texmf/fonts/type1/public/lm/l
mr10.pfb></usr/share/texmf/fonts/type1/public/lm/lmr7.pfb></usr/share/texmf/fon
ts/type1/public/lm/lmr8.pfb></usr/share/texmf/fonts/type1/public/lm/lmri10.pfb>
</usr/share/texmf/fonts/type1/public/lm/lmri8.pfb></usr/share/texmf/fonts/type1
/public/lm/lmss10.pfb></usr/share/texmf/fonts/type1/public/lm/lmss12.pfb></usr/
share/texmf/fonts/type1/public/lm/lmss17.pfb></usr/share/texmf/fonts/type1/publ
ic/lm/lmsy10.pfb></usr/share/texmf/fonts/type1/public/lm/lmtk10.pfb></usr/share
/texmf/fonts/type1/public/lm/lmtt10.pfb></usr/share/texmf/fonts/type1/public/lm
/lmtt12.pfb></usr/share/texmf/fonts/type1/public/lm/lmtt8.pfb></usr/share/texmf
/fonts/type1/public/lm/lmtti10.pfb></usr/share/texlive/texmf-dist/fonts/type1/u
rw/avantgar/uagk8a.pfb>
Output written on rapport.pdf (66 pages, 2114452 bytes).
PDF statistics:
 2275 PDF objects out of 2487 (max. 8388607)
 2009 compressed objects within 21 object streams
 1346 named destinations out of 1440 (max. 500000)
 113 words of extra memory for PDF output out of 10000 (max. 10000000)

