\BOOKMARK [0][-]{chapter*.1}{Remerciements}{}% 1
\BOOKMARK [0][-]{chapter*.3}{Introduction}{}% 2
\BOOKMARK [0][-]{chapter.1}{Le groupe Memobox / 2G Technologies}{}% 3
\BOOKMARK [1][-]{section.1.1}{L'historique}{chapter.1}% 4
\BOOKMARK [1][-]{section.1.2}{La mission de Memobox / 2G Technologies}{chapter.1}% 5
\BOOKMARK [1][-]{section.1.3}{Les produits de l'entreprise}{chapter.1}% 6
\BOOKMARK [1][-]{section.1.4}{Organisation dans la soci\351t\351}{chapter.1}% 7
\BOOKMARK [1][-]{section.1.5}{L'environnement de travail}{chapter.1}% 8
\BOOKMARK [0][-]{chapter.2}{Pr\351sentation de mon activit\351}{}% 9
\BOOKMARK [1][-]{section.2.1}{AUDITELcom V7}{chapter.2}% 10
\BOOKMARK [1][-]{section.2.2}{Mon r\364le}{chapter.2}% 11
\BOOKMARK [1][-]{section.2.3}{\311tude de l'existant}{chapter.2}% 12
\BOOKMARK [1][-]{section.2.4}{Solutions techniques}{chapter.2}% 13
\BOOKMARK [1][-]{section.2.5}{R\351alisation des solutions propos\351es}{chapter.2}% 14
\BOOKMARK [1][-]{section.2.6}{Et apr\350s ?}{chapter.2}% 15
\BOOKMARK [0][-]{chapter.3}{Conclusion}{}% 16
\BOOKMARK [1][-]{section.3.1}{Bilan professionnel}{chapter.3}% 17
\BOOKMARK [1][-]{section.3.2}{Bilan technique}{chapter.3}% 18
\BOOKMARK [1][-]{section.3.3}{Bilan personnel}{chapter.3}% 19
\BOOKMARK [0][-]{chapter.2}{Glossaire}{}% 20
\BOOKMARK [0][-]{chapter.3}{Liste des figures}{}% 21
\BOOKMARK [0][-]{chapter.4}{Liste des tableaux}{}% 22
\BOOKMARK [0][-]{chapter.5}{Liste des codes sources}{}% 23
\BOOKMARK [0][-]{chapter.6}{Code source}{}% 24
\BOOKMARK [1][-]{section.6.1}{Moteur de traduction}{chapter.6}% 25
\BOOKMARK [1][-]{section.6.2}{Memolanguage}{chapter.6}% 26
